{
  "RSpec": {
    "coverage": {
      "/home/vadim/instagram3/app/helpers/application_helper.rb": {
        "lines": [
          1,
          1,
          null
        ]
      },
      "/home/vadim/instagram3/app/helpers/comments_helper.rb": {
        "lines": [
          1,
          null
        ]
      },
      "/home/vadim/instagram3/app/helpers/follows_helper.rb": {
        "lines": [
          1,
          null
        ]
      },
      "/home/vadim/instagram3/app/helpers/home_helper.rb": {
        "lines": [
          1,
          null
        ]
      },
      "/home/vadim/instagram3/app/helpers/like_helper.rb": {
        "lines": [
          1,
          null
        ]
      },
      "/home/vadim/instagram3/app/helpers/posts_helper.rb": {
        "lines": [
          1,
          null
        ]
      },
      "/home/vadim/instagram3/app/helpers/users_helper.rb": {
        "lines": [
          1,
          null
        ]
      },
      "/home/vadim/instagram3/spec/support/database_cleaner.rb": {
        "lines": [
          1,
          null,
          null,
          null,
          1,
          null,
          1,
          null,
          1,
          1,
          0,
          null,
          null,
          null,
          null,
          null,
          null,
          null,
          null,
          null,
          null,
          1,
          null,
          null,
          1,
          5,
          null,
          null,
          1,
          null,
          null,
          0,
          null,
          0,
          null,
          null,
          null,
          0,
          null,
          null,
          null,
          1,
          5,
          null,
          null,
          1,
          5,
          null,
          null,
          null
        ]
      },
      "/home/vadim/instagram3/spec/support/devise.rb": {
        "lines": [
          1,
          1,
          1,
          null,
          null,
          null,
          null,
          null
        ]
      },
      "/home/vadim/instagram3/spec/support/factory_bot.rb": {
        "lines": [
          1,
          1,
          1,
          null
        ]
      },
      "/home/vadim/instagram3/spec/support/shoulda-matchers.rb": {
        "lines": [
          1,
          1,
          1,
          1,
          null,
          null
        ]
      },
      "/home/vadim/instagram3/app/controllers/follows_controller.rb": {
        "lines": [
          1,
          1,
          1,
          null,
          null,
          1,
          1,
          1,
          1,
          null,
          null,
          1,
          2,
          2,
          null,
          2,
          1,
          1,
          null,
          0,
          null,
          null,
          1,
          1,
          null,
          null,
          null,
          1,
          1,
          1,
          1,
          null,
          null
        ]
      },
      "/home/vadim/instagram3/app/controllers/application_controller.rb": {
        "lines": [
          1,
          1,
          null,
          1,
          1,
          null,
          1,
          3,
          null,
          null,
          1,
          null,
          1,
          0,
          null,
          null
        ]
      },
      "/home/vadim/instagram3/app/models/follow.rb": {
        "lines": [
          1,
          1,
          1,
          null
        ]
      }
    },
    "timestamp": 1657887352
  }
}
